<?xml version="1.0" encoding="UTF-8"?>
<testng-results skipped="0" failed="0" ignored="0" total="4" passed="4">
  <reporter-output>
  </reporter-output>
  <suite name="Default suite" duration-ms="19976" started-at="2019-04-23T09:25:11Z" finished-at="2019-04-23T09:25:31Z">
    <groups>
    </groups>
    <test name="Default test" duration-ms="19976" started-at="2019-04-23T09:25:11Z" finished-at="2019-04-23T09:25:31Z">
      <class name="testmeapp.tests.OnlineShoppingTest">
        <test-method status="PASS" signature="startReportBeforeTest()[pri:0, instance:testmeapp.tests.OnlineShoppingTest@66a3ffec]" name="startReportBeforeTest" is-config="true" duration-ms="9462" started-at="2019-04-23T09:25:11Z" finished-at="2019-04-23T09:25:20Z">
          <reporter-output>
          </reporter-output>
        </test-method> <!-- startReportBeforeTest -->
        <test-method status="PASS" signature="testRegistration()[pri:1, instance:testmeapp.tests.OnlineShoppingTest@66a3ffec]" name="testRegistration" duration-ms="2969" started-at="2019-04-23T09:25:20Z" finished-at="2019-04-23T09:25:23Z">
          <reporter-output>
          </reporter-output>
        </test-method> <!-- testRegistration -->
        <test-method status="PASS" signature="getResultAfterMethod(org.testng.ITestResult)[pri:0, instance:testmeapp.tests.OnlineShoppingTest@66a3ffec]" name="getResultAfterMethod" is-config="true" duration-ms="381" started-at="2019-04-23T09:25:23Z" finished-at="2019-04-23T09:25:24Z">
          <params>
            <param index="0">
              <value>
                <![CDATA[[TestResult name=testRegistration status=SUCCESS method=OnlineShoppingTest.testRegistration()[pri:1, instance:testmeapp.tests.OnlineShoppingTest@66a3ffec] output={null}]]]>
              </value>
            </param>
          </params>
          <reporter-output>
          </reporter-output>
        </test-method> <!-- getResultAfterMethod -->
        <test-method status="PASS" signature="testLogin()[pri:2, instance:testmeapp.tests.OnlineShoppingTest@66a3ffec]" name="testLogin" duration-ms="416" started-at="2019-04-23T09:25:24Z" finished-at="2019-04-23T09:25:24Z">
          <reporter-output>
          </reporter-output>
        </test-method> <!-- testLogin -->
        <test-method status="PASS" signature="getResultAfterMethod(org.testng.ITestResult)[pri:0, instance:testmeapp.tests.OnlineShoppingTest@66a3ffec]" name="getResultAfterMethod" is-config="true" duration-ms="495" started-at="2019-04-23T09:25:24Z" finished-at="2019-04-23T09:25:24Z">
          <params>
            <param index="0">
              <value>
                <![CDATA[[TestResult name=testLogin status=SUCCESS method=OnlineShoppingTest.testLogin()[pri:2, instance:testmeapp.tests.OnlineShoppingTest@66a3ffec] output={null}]]]>
              </value>
            </param>
          </params>
          <reporter-output>
          </reporter-output>
        </test-method> <!-- getResultAfterMethod -->
        <test-method status="PASS" signature="testCart()[pri:3, instance:testmeapp.tests.OnlineShoppingTest@66a3ffec]" name="testCart" duration-ms="1248" started-at="2019-04-23T09:25:24Z" finished-at="2019-04-23T09:25:26Z">
          <reporter-output>
          </reporter-output>
        </test-method> <!-- testCart -->
        <test-method status="PASS" signature="getResultAfterMethod(org.testng.ITestResult)[pri:0, instance:testmeapp.tests.OnlineShoppingTest@66a3ffec]" name="getResultAfterMethod" is-config="true" duration-ms="421" started-at="2019-04-23T09:25:26Z" finished-at="2019-04-23T09:25:26Z">
          <params>
            <param index="0">
              <value>
                <![CDATA[[TestResult name=testCart status=SUCCESS method=OnlineShoppingTest.testCart()[pri:3, instance:testmeapp.tests.OnlineShoppingTest@66a3ffec] output={null}]]]>
              </value>
            </param>
          </params>
          <reporter-output>
          </reporter-output>
        </test-method> <!-- getResultAfterMethod -->
        <test-method status="PASS" signature="testPayment()[pri:4, instance:testmeapp.tests.OnlineShoppingTest@66a3ffec]" name="testPayment" duration-ms="3199" started-at="2019-04-23T09:25:26Z" finished-at="2019-04-23T09:25:29Z">
          <reporter-output>
          </reporter-output>
        </test-method> <!-- testPayment -->
        <test-method status="PASS" signature="getResultAfterMethod(org.testng.ITestResult)[pri:0, instance:testmeapp.tests.OnlineShoppingTest@66a3ffec]" name="getResultAfterMethod" is-config="true" duration-ms="377" started-at="2019-04-23T09:25:29Z" finished-at="2019-04-23T09:25:30Z">
          <params>
            <param index="0">
              <value>
                <![CDATA[[TestResult name=testPayment status=SUCCESS method=OnlineShoppingTest.testPayment()[pri:4, instance:testmeapp.tests.OnlineShoppingTest@66a3ffec] output={null}]]]>
              </value>
            </param>
          </params>
          <reporter-output>
          </reporter-output>
        </test-method> <!-- getResultAfterMethod -->
        <test-method status="PASS" signature="endReportafterTest()[pri:0, instance:testmeapp.tests.OnlineShoppingTest@66a3ffec]" name="endReportafterTest" is-config="true" duration-ms="975" started-at="2019-04-23T09:25:30Z" finished-at="2019-04-23T09:25:31Z">
          <reporter-output>
          </reporter-output>
        </test-method> <!-- endReportafterTest -->
      </class> <!-- testmeapp.tests.OnlineShoppingTest -->
    </test> <!-- Default test -->
  </suite> <!-- Default suite -->
</testng-results>
