<?xml version="1.0" encoding="UTF-8"?>
<!-- Generated by org.testng.reporters.JUnitXMLReporter -->
<testsuite hostname="BDC6-DX-3PF4N62" ignored="0" name="Default test" tests="4" failures="0" timestamp="23 Apr 2019 09:25:31 GMT" time="19.976" errors="0">
  <testcase name="testRegistration" time="2.969" classname="testmeapp.tests.OnlineShoppingTest"/>
  <testcase name="testLogin" time="0.416" classname="testmeapp.tests.OnlineShoppingTest"/>
  <testcase name="testCart" time="1.248" classname="testmeapp.tests.OnlineShoppingTest"/>
  <testcase name="testPayment" time="3.199" classname="testmeapp.tests.OnlineShoppingTest"/>
</testsuite> <!-- Default test -->
